Running php-build composer
WARNING! Your password will be stored unencrypted in /home/runner/.docker/config.json.
Configure a credential helper to remove this warning. See
https://docs.docker.com/engine/reference/commandline/login/#credentials-store

Login Succeeded
Pulling docker.pkg.github.com/yormy/string-guard/php-actions_composer_string-guard:php-8.2-zip-build2.1.0
Error response from daemon: manifest unknown
Dockerfile:
FROM php:8.2-cli-alpine
RUN apk add --update --no-cache bash coreutils git make openssh patch unzip zip
ADD https://github.com/mlocati/docker-php-extension-installer/releases/latest/download/install-php-extensions /usr/local/bin/
RUN chmod +x /usr/local/bin/install-php-extensions && sync && install-php-extensions zip
#0 building with "default" instance using docker driver

#1 [internal] load .dockerignore
#1 transferring context: 2B done
#1 DONE 0.0s

#2 [internal] load build definition from Dockerfile-php-build
#2 transferring dockerfile: 368B done
#2 DONE 0.0s

#3 [auth] library/php:pull token for registry-1.docker.io
#3 DONE 0.0s

#4 [internal] load metadata for docker.io/library/php:8.2-cli-alpine
#4 DONE 0.8s

#5 [1/4] FROM docker.io/library/php:8.2-cli-alpine@sha256:c1147326a6616c5a0bf52d49ddd077793090a4ef33dacfb723d42dd14d8cd75b
#5 DONE 0.0s

#6 importing cache manifest from docker.pkg.github.com/yormy/string-guard/php-actions_composer_string-guard:php-8.2-zip-build2.1.0
#6 ERROR: failed to configure registry cache importer: pulling from host docker.pkg.github.com failed with status code [manifests php-8.2-zip-build2.1.0]: 401 Unauthorized

#7 https://github.com/mlocati/docker-php-extension-installer/releases/latest/download/install-php-extensions
#7 DONE 0.3s

#5 [1/4] FROM docker.io/library/php:8.2-cli-alpine@sha256:c1147326a6616c5a0bf52d49ddd077793090a4ef33dacfb723d42dd14d8cd75b
#5 resolve docker.io/library/php:8.2-cli-alpine@sha256:c1147326a6616c5a0bf52d49ddd077793090a4ef33dacfb723d42dd14d8cd75b done
#5 sha256:f0a739b68fa1b0991c5344d6624ac56bc523003b9c9a08c29b05c89076625349 2.20kB / 2.20kB done
#5 sha256:9294d9185d898643d89218d8a670313cd2bb59107bf32cb6ac92e7f46839bbc8 269B / 269B 0.1s done
#5 sha256:c1147326a6616c5a0bf52d49ddd077793090a4ef33dacfb723d42dd14d8cd75b 1.65kB / 1.65kB done
#5 sha256:4b99432ace8a7bcff6a457c1ea616c20b241e4012ebc18ff9b4b9a7ca571de2d 2.76MB / 2.76MB 0.1s done
#5 sha256:d3a73aae1c86e8e06844a0d6ff516b8d12cc95d745da7005aea6ff3ec71c90ef 1.26kB / 1.26kB 0.1s done
#5 sha256:8d311ade3bc839e5d734fe1b58120f0a3eee2104bcca9c10b8ce0295583bae2d 12.11MB / 12.11MB 0.2s
#5 sha256:46d524b064fceb531683ef03ea0a6a25c77ea8c2ee6960bbb3bc2446df436f7a 495B / 495B 0.1s done
#5 sha256:0bc07e6e67c4a6c56e3c801c81b846cf835fb2084b934cd64667050246fbf78d 9.06kB / 9.06kB done
#5 extracting sha256:4b99432ace8a7bcff6a457c1ea616c20b241e4012ebc18ff9b4b9a7ca571de2d
#5 sha256:a491ff8b6c3f274654847f6ab0a1d582686c60f4f9054fe50c831d5bae76fc2a 6.29MB / 16.86MB 0.2s
#5 sha256:43db6bdf4e21a4c78a67306b131ecf5243cb8967b4318bb9ada244bf8539da14 2.45kB / 2.45kB 0.2s
#5 sha256:8d311ade3bc839e5d734fe1b58120f0a3eee2104bcca9c10b8ce0295583bae2d 12.11MB / 12.11MB 0.2s done
#5 extracting sha256:4b99432ace8a7bcff6a457c1ea616c20b241e4012ebc18ff9b4b9a7ca571de2d 0.2s done
#5 sha256:a491ff8b6c3f274654847f6ab0a1d582686c60f4f9054fe50c831d5bae76fc2a 16.86MB / 16.86MB 0.3s
#5 sha256:a491ff8b6c3f274654847f6ab0a1d582686c60f4f9054fe50c831d5bae76fc2a 16.86MB / 16.86MB 0.3s done
#5 sha256:43db6bdf4e21a4c78a67306b131ecf5243cb8967b4318bb9ada244bf8539da14 2.45kB / 2.45kB 0.2s done
#5 sha256:ad0214cb17b39accbf7a51e6ab40c4ad48345e1c99f6cc5bc26a6257a091d988 19.29kB / 19.29kB 0.3s done
#5 extracting sha256:d3a73aae1c86e8e06844a0d6ff516b8d12cc95d745da7005aea6ff3ec71c90ef
#5 extracting sha256:d3a73aae1c86e8e06844a0d6ff516b8d12cc95d745da7005aea6ff3ec71c90ef done
#5 extracting sha256:9294d9185d898643d89218d8a670313cd2bb59107bf32cb6ac92e7f46839bbc8 done
#5 extracting sha256:8d311ade3bc839e5d734fe1b58120f0a3eee2104bcca9c10b8ce0295583bae2d 0.1s done
#5 extracting sha256:46d524b064fceb531683ef03ea0a6a25c77ea8c2ee6960bbb3bc2446df436f7a
#5 extracting sha256:46d524b064fceb531683ef03ea0a6a25c77ea8c2ee6960bbb3bc2446df436f7a done
#5 extracting sha256:a491ff8b6c3f274654847f6ab0a1d582686c60f4f9054fe50c831d5bae76fc2a 0.1s
#5 extracting sha256:a491ff8b6c3f274654847f6ab0a1d582686c60f4f9054fe50c831d5bae76fc2a 0.5s done
#5 extracting sha256:43db6bdf4e21a4c78a67306b131ecf5243cb8967b4318bb9ada244bf8539da14
#5 extracting sha256:43db6bdf4e21a4c78a67306b131ecf5243cb8967b4318bb9ada244bf8539da14 done
#5 extracting sha256:ad0214cb17b39accbf7a51e6ab40c4ad48345e1c99f6cc5bc26a6257a091d988 done
#5 DONE 1.9s

#8 [2/4] RUN apk add --update --no-cache bash coreutils git make openssh patch unzip zip
#8 0.660 fetch https://dl-cdn.alpinelinux.org/alpine/v3.19/main/x86_64/APKINDEX.tar.gz
#8 0.880 fetch https://dl-cdn.alpinelinux.org/alpine/v3.19/community/x86_64/APKINDEX.tar.gz
#8 1.220 (1/23) Installing bash (5.2.21-r0)
#8 1.236 Executing bash-5.2.21-r0.post-install
#8 1.239 (2/23) Installing coreutils-env (9.4-r2)
#8 1.241 (3/23) Installing coreutils-fmt (9.4-r2)
#8 1.244 (4/23) Installing coreutils-sha512sum (9.4-r2)
#8 1.246 (5/23) Installing libattr (2.5.1-r5)
#8 1.249 (6/23) Installing skalibs (2.14.0.1-r0)
#8 1.252 (7/23) Installing utmps-libs (0.1.2.2-r0)
#8 1.255 (8/23) Installing coreutils (9.4-r2)
#8 1.274 (9/23) Installing libexpat (2.6.2-r0)
#8 1.277 (10/23) Installing pcre2 (10.42-r2)
#8 1.286 (11/23) Installing git (2.43.0-r0)
#8 1.345 (12/23) Installing make (4.4.1-r2)
#8 1.351 (13/23) Installing openssh-keygen (9.6_p1-r0)
#8 1.358 (14/23) Installing libedit (20230828.3.1-r3)
#8 1.362 (15/23) Installing openssh-client-common (9.6_p1-r0)
#8 1.381 (16/23) Installing openssh-client-default (9.6_p1-r0)
#8 1.390 (17/23) Installing openssh-sftp-server (9.6_p1-r0)
#8 1.395 (18/23) Installing openssh-server-common (9.6_p1-r0)
#8 1.398 (19/23) Installing openssh-server (9.6_p1-r0)
#8 1.408 (20/23) Installing openssh (9.6_p1-r0)
#8 1.414 (21/23) Installing patch (2.7.6-r10)
#8 1.418 (22/23) Installing unzip (6.0-r14)
#8 1.424 (23/23) Installing zip (3.0-r12)
#8 1.431 Executing busybox-1.36.1-r15.trigger
#8 1.447 OK: 35 MiB in 61 packages
#8 DONE 1.6s

#9 [3/4] ADD https://github.com/mlocati/docker-php-extension-installer/releases/latest/download/install-php-extensions /usr/local/bin/
#9 DONE 0.0s

#10 [4/4] RUN chmod +x /usr/local/bin/install-php-extensions && sync && install-php-extensions zip
#10 0.180 install-php-extensions v.2.2.6
#10 0.180 #StandWithUkraine
#10 2.297 Updating channel "pecl.php.net"
#10 2.375 Update of Channel "pecl.php.net" succeeded
#10 2.383 fetch https://dl-cdn.alpinelinux.org/alpine/v3.19/main/x86_64/APKINDEX.tar.gz
#10 2.469 fetch https://dl-cdn.alpinelinux.org/alpine/v3.19/community/x86_64/APKINDEX.tar.gz
#10 2.731 v3.19.1-353-gff5fcc2999e [https://dl-cdn.alpinelinux.org/alpine/v3.19/main]
#10 2.731 v3.19.1-352-g1b5a1231674 [https://dl-cdn.alpinelinux.org/alpine/v3.19/community]
#10 2.731 OK: 22993 distinct packages available
#10 5.543 ### INSTALLING REQUIRED PACKAGES ###
#10 5.543 # Packages to be kept after installation: libbz2 zstd-libs libzip
#10 5.543 # Packages to be used only for installation: m4 perl autoconf lz4-libs libarchive rhash-libs libstdc++ libuv cmake libmd dpkg pkgconf dpkg-dev libmagic file libstdc++-dev jansson binutils libgomp libatomic gmp isl26 mpfr4 mpc1 gcc musl-dev libc-dev g++ perl-error perl-git git-perl nettle libffi libtasn1 p11-kit gnutls gnutls-c++ libgmpxx gmp-dev nettle-dev libidn2-dev libtasn1-progs libtasn1-dev p11-kit-dev zlib-dev gnutls-dev openssl-dev libretls libretls-dev libzip-tools bzip2-dev xz-dev zstd zstd-dev libzip-dev re2c
#10 5.813 (1/59) Installing m4 (1.4.19-r3)
#10 5.856 (2/59) Installing libbz2 (1.0.8-r6)
#10 5.859 (3/59) Installing perl (5.38.2-r0)
#10 6.146 (4/59) Installing autoconf (2.71-r2)
#10 6.164 (5/59) Installing jansson (2.14-r4)
#10 6.167 (6/59) Installing libstdc++ (13.2.1_git20231014-r0)
#10 6.184 (7/59) Installing zstd-libs (1.5.5-r8)
#10 6.193 (8/59) Installing binutils (2.41-r0)
#10 6.256 (9/59) Installing pkgconf (2.1.0-r0)
#10 6.260 (10/59) Installing bzip2-dev (1.0.8-r6)
#10 6.263 (11/59) Installing lz4-libs (1.9.4-r5)
#10 6.267 (12/59) Installing libarchive (3.7.2-r1)
#10 6.274 (13/59) Installing rhash-libs (1.4.4-r0)
#10 6.280 (14/59) Installing libuv (1.47.0-r0)
#10 6.286 (15/59) Installing cmake (3.27.8-r0)
#10 6.851 (16/59) Installing libmd (1.1.0-r0)
#10 6.855 (17/59) Installing dpkg (1.22.1-r0)
#10 6.869 (18/59) Installing dpkg-dev (1.22.1-r0)
#10 6.897 (19/59) Installing libmagic (5.45-r1)
#10 6.921 (20/59) Installing file (5.45-r1)
#10 6.923 (21/59) Installing libstdc++-dev (13.2.1_git20231014-r0)
#10 7.074 (22/59) Installing libgomp (13.2.1_git20231014-r0)
#10 7.080 (23/59) Installing libatomic (13.2.1_git20231014-r0)
#10 7.082 (24/59) Installing gmp (6.3.0-r0)
#10 7.088 (25/59) Installing isl26 (0.26-r1)
#10 7.105 (26/59) Installing mpfr4 (4.2.1-r0)
#10 7.112 (27/59) Installing mpc1 (1.3.1-r1)
#10 7.116 (28/59) Installing gcc (13.2.1_git20231014-r0)
#10 7.818 (29/59) Installing musl-dev (1.2.4_git20230717-r4)
#10 7.881 (30/59) Installing libc-dev (0.7.2-r5)
#10 7.883 (31/59) Installing g++ (13.2.1_git20231014-r0)
#10 8.086 (32/59) Installing perl-error (0.17029-r2)
#10 8.091 (33/59) Installing perl-git (2.43.0-r0)
#10 8.095 (34/59) Installing git-perl (2.43.0-r0)
#10 8.100 (35/59) Installing libgmpxx (6.3.0-r0)
#10 8.103 (36/59) Installing gmp-dev (6.3.0-r0)
#10 8.128 (37/59) Installing nettle (3.9.1-r0)
#10 8.136 (38/59) Installing libffi (3.4.4-r3)
#10 8.141 (39/59) Installing libtasn1 (4.19.0-r2)
#10 8.145 (40/59) Installing p11-kit (0.25.3-r0)
#10 8.155 (41/59) Installing gnutls (3.8.4-r0)
#10 8.170 (42/59) Installing gnutls-c++ (3.8.4-r0)
#10 8.173 (43/59) Installing nettle-dev (3.9.1-r0)
#10 8.185 (44/59) Installing libidn2-dev (2.3.4-r4)
#10 8.188 (45/59) Installing libtasn1-progs (4.19.0-r2)
#10 8.192 (46/59) Installing libtasn1-dev (4.19.0-r2)
#10 8.195 (47/59) Installing p11-kit-dev (0.25.3-r0)
#10 8.200 (48/59) Installing zlib-dev (1.3.1-r0)
#10 8.205 (49/59) Installing gnutls-dev (3.8.4-r0)
#10 8.211 (50/59) Installing libretls (3.7.0-r2)
#10 8.214 (51/59) Installing openssl-dev (3.1.4-r5)
#10 8.238 (52/59) Installing libretls-dev (3.7.0-r2)
#10 8.244 (53/59) Installing libzip (1.10.1-r0)
#10 8.249 (54/59) Installing libzip-tools (1.10.1-r0)
#10 8.253 (55/59) Installing xz-dev (5.4.5-r0)
#10 8.260 (56/59) Installing zstd (1.5.5-r8)
#10 8.265 (57/59) Installing zstd-dev (1.5.5-r8)
#10 8.269 (58/59) Installing libzip-dev (1.10.1-r0)
#10 8.273 (59/59) Installing re2c (3.1-r0)
#10 8.288 Executing busybox-1.36.1-r15.trigger
#10 8.298 OK: 369 MiB in 120 packages
#10 8.679 ### INSTALLING BUNDLED MODULE zip ###
#10 8.706 fetch https://dl-cdn.alpinelinux.org/alpine/v3.19/main/x86_64/APKINDEX.tar.gz
#10 8.792 fetch https://dl-cdn.alpinelinux.org/alpine/v3.19/community/x86_64/APKINDEX.tar.gz
#10 9.035 (1/1) Installing .phpize-deps-configure (20240406.081547)
#10 9.039 OK: 369 MiB in 121 packages
#10 9.115 Configuring for:
#10 9.115 PHP Api Version:         20220829
#10 9.115 Zend Module Api No:      20220829
#10 9.115 Zend Extension Api No:   420220829
#10 10.02 checking for grep that handles long lines and -e... /bin/grep
#10 10.09 checking for egrep... /bin/grep -E
#10 10.09 checking for a sed that does not truncate output... /bin/sed
#10 10.12 checking for pkg-config... /usr/bin/pkg-config
#10 10.12 checking pkg-config is at least version 0.9.0... yes
#10 10.12 checking for cc... cc
#10 10.15 checking whether the C compiler works... yes
#10 10.18 checking for C compiler default output file name... a.out
#10 10.18 checking for suffix of executables... 
#10 10.21 checking whether we are cross compiling... no
#10 10.25 checking for suffix of object files... o
#10 10.27 checking whether the compiler supports GNU C... yes
#10 10.30 checking whether cc accepts -g... yes
#10 10.33 checking for cc option to enable C11 features... none needed
#10 10.39 checking how to run the C preprocessor... cc -E
#10 10.47 checking for icc... no
#10 10.48 checking for suncc... no
#10 10.50 checking for system library directory... lib
#10 10.50 checking if compiler supports -Wl,-rpath,... yes
#10 10.54 checking build system type... x86_64-pc-linux-musl
#10 10.54 checking host system type... x86_64-pc-linux-musl
#10 10.54 checking target system type... x86_64-pc-linux-musl
#10 10.59 checking for PHP prefix... /usr/local
#10 10.59 checking for PHP includes... -I/usr/local/include/php -I/usr/local/include/php/main -I/usr/local/include/php/TSRM -I/usr/local/include/php/Zend -I/usr/local/include/php/ext -I/usr/local/include/php/ext/date/lib
#10 10.59 checking for PHP extension directory... /usr/local/lib/php/extensions/no-debug-non-zts-20220829
#10 10.59 checking for PHP installed headers prefix... /usr/local/include/php
#10 10.59 checking if debug is enabled... no
#10 10.60 checking if zts is enabled... no
#10 10.62 checking for gawk... no
#10 10.62 checking for nawk... no
#10 10.62 checking for awk... awk
#10 10.62 checking if awk is broken... no
#10 10.62 checking for zip archive read/write support... yes, shared
#10 10.63 checking for libzip >= 0.11 libzip != 1.3.1 libzip != 1.7.0... yes
#10 10.63 checking for zip_file_set_mtime in -lzip... yes
#10 10.69 checking for zip_file_set_encryption in -lzip... yes
#10 10.75 checking for zip_libzip_version in -lzip... yes
#10 10.80 checking for zip_register_progress_callback_with_state in -lzip... yes
#10 10.85 checking for zip_register_cancel_callback_with_state in -lzip... yes
#10 10.90 checking for zip_compression_method_supported in -lzip... yes
#10 10.96 checking for a sed that does not truncate output... /bin/sed
#10 10.96 checking for ld used by cc... /usr/x86_64-alpine-linux-musl/bin/ld
#10 10.97 checking if the linker (/usr/x86_64-alpine-linux-musl/bin/ld) is GNU ld... yes
#10 10.97 checking for /usr/x86_64-alpine-linux-musl/bin/ld option to reload object files... -r
#10 10.97 checking for BSD-compatible nm... /usr/bin/nm -B
#10 10.97 checking whether ln -s works... yes
#10 10.97 checking how to recognize dependent libraries... pass_all
#10 10.99 checking for stdio.h... yes
#10 11.01 checking for stdlib.h... yes
#10 11.03 checking for string.h... yes
#10 11.05 checking for inttypes.h... yes
#10 11.07 checking for stdint.h... yes
#10 11.09 checking for strings.h... yes
#10 11.11 checking for sys/stat.h... yes
#10 11.13 checking for sys/types.h... yes
#10 11.16 checking for unistd.h... yes
#10 11.18 checking for dlfcn.h... yes
#10 11.20 checking the maximum length of command line arguments... 98304
#10 11.22 checking command to parse /usr/bin/nm -B output from cc object... ok
#10 11.28 checking for objdir... .libs
#10 11.29 checking for ar... ar
#10 11.29 checking for ranlib... ranlib
#10 11.29 checking for strip... strip
#10 11.34 checking if cc supports -fno-rtti -fno-exceptions... no
#10 11.36 checking for cc option to produce PIC... -fPIC
#10 11.36 checking if cc PIC flag -fPIC works... yes
#10 11.37 checking if cc static flag -static works... yes
#10 11.40 checking if cc supports -c -o file.o... yes
#10 11.43 checking whether the cc linker (/usr/x86_64-alpine-linux-musl/bin/ld -m elf_x86_64) supports shared libraries... yes
#10 11.44 checking whether -lc should be explicitly linked in... no
#10 11.47 checking dynamic linker characteristics... GNU/Linux ld.so
#10 11.48 checking how to hardcode library paths into programs... immediate
#10 11.48 checking whether stripping libraries is possible... yes
#10 11.48 checking if libtool supports shared libraries... yes
#10 11.48 checking whether to build shared libraries... yes
#10 11.48 checking whether to build static libraries... no
#10 11.55 
#10 11.55 creating libtool
#10 11.60 appending configuration tag "CXX" to libtool
#10 11.66 configure: patching config.h.in
#10 11.66 configure: creating ./config.status
#10 11.71 config.status: creating config.h
#10 11.78 /bin/sh /usr/src/php/ext/zip/libtool --tag=CC --mode=compile cc -I. -I/usr/src/php/ext/zip -I/usr/src/php/ext/zip/include -I/usr/src/php/ext/zip/main -I/usr/src/php/ext/zip -I/usr/local/include/php -I/usr/local/include/php/main -I/usr/local/include/php/TSRM -I/usr/local/include/php/Zend -I/usr/local/include/php/ext -I/usr/local/include/php/ext/date/lib  -fstack-protector-strong -fpic -fpie -O2 -D_LARGEFILE_SOURCE -D_FILE_OFFSET_BITS=64 -DHAVE_CONFIG_H  -fstack-protector-strong -fpic -fpie -O2 -D_LARGEFILE_SOURCE -D_FILE_OFFSET_BITS=64 -D_GNU_SOURCE    -DZEND_COMPILE_DL_EXT=1 -c /usr/src/php/ext/zip/php_zip.c -o php_zip.lo  -MMD -MF php_zip.dep -MT php_zip.lo
#10 11.78 /bin/sh /usr/src/php/ext/zip/libtool --tag=CC --mode=compile cc -I. -I/usr/src/php/ext/zip -I/usr/src/php/ext/zip/include -I/usr/src/php/ext/zip/main -I/usr/src/php/ext/zip -I/usr/local/include/php -I/usr/local/include/php/main -I/usr/local/include/php/TSRM -I/usr/local/include/php/Zend -I/usr/local/include/php/ext -I/usr/local/include/php/ext/date/lib  -fstack-protector-strong -fpic -fpie -O2 -D_LARGEFILE_SOURCE -D_FILE_OFFSET_BITS=64 -DHAVE_CONFIG_H  -fstack-protector-strong -fpic -fpie -O2 -D_LARGEFILE_SOURCE -D_FILE_OFFSET_BITS=64 -D_GNU_SOURCE    -DZEND_COMPILE_DL_EXT=1 -c /usr/src/php/ext/zip/zip_stream.c -o zip_stream.lo  -MMD -MF zip_stream.dep -MT zip_stream.lo
#10 11.83 mkdir .libs
#10 11.83 mkdir .libs
#10 11.84 mkdir: cannot create directory ‘.libs’: File exists
#10 11.84  cc -I. -I/usr/src/php/ext/zip -I/usr/src/php/ext/zip/include -I/usr/src/php/ext/zip/main -I/usr/src/php/ext/zip -I/usr/local/include/php -I/usr/local/include/php/main -I/usr/local/include/php/TSRM -I/usr/local/include/php/Zend -I/usr/local/include/php/ext -I/usr/local/include/php/ext/date/lib -fstack-protector-strong -fpic -fpie -O2 -D_LARGEFILE_SOURCE -D_FILE_OFFSET_BITS=64 -DHAVE_CONFIG_H -fstack-protector-strong -fpic -fpie -O2 -D_LARGEFILE_SOURCE -D_FILE_OFFSET_BITS=64 -D_GNU_SOURCE -DZEND_COMPILE_DL_EXT=1 -c /usr/src/php/ext/zip/php_zip.c -MMD -MF php_zip.dep -MT php_zip.lo  -fPIC -DPIC -o .libs/php_zip.o
#10 11.84  cc -I. -I/usr/src/php/ext/zip -I/usr/src/php/ext/zip/include -I/usr/src/php/ext/zip/main -I/usr/src/php/ext/zip -I/usr/local/include/php -I/usr/local/include/php/main -I/usr/local/include/php/TSRM -I/usr/local/include/php/Zend -I/usr/local/include/php/ext -I/usr/local/include/php/ext/date/lib -fstack-protector-strong -fpic -fpie -O2 -D_LARGEFILE_SOURCE -D_FILE_OFFSET_BITS=64 -DHAVE_CONFIG_H -fstack-protector-strong -fpic -fpie -O2 -D_LARGEFILE_SOURCE -D_FILE_OFFSET_BITS=64 -D_GNU_SOURCE -DZEND_COMPILE_DL_EXT=1 -c /usr/src/php/ext/zip/zip_stream.c -MMD -MF zip_stream.dep -MT zip_stream.lo  -fPIC -DPIC -o .libs/zip_stream.o
#10 13.43 /bin/sh /usr/src/php/ext/zip/libtool --tag=CC --mode=link cc -shared -I/usr/src/php/ext/zip/include -I/usr/src/php/ext/zip/main -I/usr/src/php/ext/zip -I/usr/local/include/php -I/usr/local/include/php/main -I/usr/local/include/php/TSRM -I/usr/local/include/php/Zend -I/usr/local/include/php/ext -I/usr/local/include/php/ext/date/lib  -fstack-protector-strong -fpic -fpie -O2 -D_LARGEFILE_SOURCE -D_FILE_OFFSET_BITS=64 -DHAVE_CONFIG_H  -fstack-protector-strong -fpic -fpie -O2 -D_LARGEFILE_SOURCE -D_FILE_OFFSET_BITS=64 -D_GNU_SOURCE  -Wl,-O1 -pie  -o zip.la -export-dynamic -avoid-version -prefer-pic -module -rpath /usr/src/php/ext/zip/modules  php_zip.lo zip_stream.lo -lzip
#10 13.48 cc -shared  .libs/php_zip.o .libs/zip_stream.o  -lzip  -Wl,-O1 -Wl,-soname -Wl,zip.so -o .libs/zip.so
#10 13.49 creating zip.la
#10 13.50 (cd .libs && rm -f zip.la && ln -s ../zip.la zip.la)
#10 13.50 /bin/sh /usr/src/php/ext/zip/libtool --tag=CC --mode=install cp ./zip.la /usr/src/php/ext/zip/modules
#10 13.52 cp ./.libs/zip.so /usr/src/php/ext/zip/modules/zip.so
#10 13.52 cp ./.libs/zip.lai /usr/src/php/ext/zip/modules/zip.la
#10 13.53 PATH="$PATH:/sbin" ldconfig -n /usr/src/php/ext/zip/modules
#10 13.56 ----------------------------------------------------------------------
#10 13.56 Libraries have been installed in:
#10 13.56    /usr/src/php/ext/zip/modules
#10 13.56 
#10 13.56 If you ever happen to want to link against installed libraries
#10 13.56 in a given directory, LIBDIR, you must either use libtool, and
#10 13.56 specify the full pathname of the library, or use the `-LLIBDIR'
#10 13.56 flag during linking and do at least one of the following:
#10 13.56    - add LIBDIR to the `LD_LIBRARY_PATH' environment variable
#10 13.56      during execution
#10 13.56    - add LIBDIR to the `LD_RUN_PATH' environment variable
#10 13.56      during linking
#10 13.56    - use the `-Wl,--rpath -Wl,LIBDIR' linker flag
#10 13.56 
#10 13.56 See any operating system documentation about shared libraries for
#10 13.56 more information, such as the ld(1) and ld.so(8) manual pages.
#10 13.56 ----------------------------------------------------------------------
#10 13.56 
#10 13.56 Build complete.
#10 13.56 Don't forget to run 'make test'.
#10 13.56 
#10 13.58 + strip --strip-all modules/zip.so
#10 13.60 Installing shared extensions:     /usr/local/lib/php/extensions/no-debug-non-zts-20220829/
#10 13.67 find . -name \*.gcno -o -name \*.gcda | xargs rm -f
#10 13.68 find . -name \*.lo -o -name \*.o -o -name \*.dep | xargs rm -f
#10 13.68 find . -name \*.la -o -name \*.a | xargs rm -f
#10 13.68 find . -name \*.so | xargs rm -f
#10 13.69 find . -name .libs -a -type d|xargs rm -rf
#10 13.69 rm -f libphp.la      modules/* libs/*
#10 13.69 rm -f ext/opcache/jit/zend_jit_x86.c
#10 13.69 rm -f ext/opcache/jit/zend_jit_arm64.c
#10 13.70 rm -f ext/opcache/minilua
#10 13.97 (1/1) Purging .phpize-deps-configure (20240406.081547)
#10 13.98 OK: 369 MiB in 120 packages
#10 14.05 ### REMOVING UNNEEDED PACKAGES ###
#10 14.33 (1/56) Purging autoconf (2.71-r2)
#10 14.33 (2/56) Purging m4 (1.4.19-r3)
#10 14.33 (3/56) Purging cmake (3.27.8-r0)
#10 14.41 (4/56) Purging dpkg (1.22.1-r0)
#10 14.41 (5/56) Purging dpkg-dev (1.22.1-r0)
#10 14.41 (6/56) Purging file (5.45-r1)
#10 14.41 (7/56) Purging g++ (13.2.1_git20231014-r0)
#10 14.42 (8/56) Purging libstdc++-dev (13.2.1_git20231014-r0)
#10 14.45 (9/56) Purging gcc (13.2.1_git20231014-r0)
#10 14.49 (10/56) Purging binutils (2.41-r0)
#10 14.49 (11/56) Purging libatomic (13.2.1_git20231014-r0)
#10 14.49 (12/56) Purging libgomp (13.2.1_git20231014-r0)
#10 14.49 (13/56) Purging libc-dev (0.7.2-r5)
#10 14.49 (14/56) Purging musl-dev (1.2.4_git20230717-r4)
#10 14.50 (15/56) Purging git-perl (2.43.0-r0)
#10 14.50 (16/56) Purging perl-git (2.43.0-r0)
#10 14.50 (17/56) Purging perl-error (0.17029-r2)
#10 14.50 (18/56) Purging perl (5.38.2-r0)
#10 14.54 (19/56) Purging gnutls-dev (3.8.4-r0)
#10 14.54 (20/56) Purging gnutls-c++ (3.8.4-r0)
#10 14.54 (21/56) Purging gnutls (3.8.4-r0)
#10 14.54 (22/56) Purging isl26 (0.26-r1)
#10 14.54 (23/56) Purging jansson (2.14-r4)
#10 14.54 (24/56) Purging libarchive (3.7.2-r1)
#10 14.54 (25/56) Purging libidn2-dev (2.3.4-r4)
#10 14.54 (26/56) Purging libmagic (5.45-r1)
#10 14.55 (27/56) Purging libmd (1.1.0-r0)
#10 14.55 (28/56) Purging libretls-dev (3.7.0-r2)
#10 14.55 (29/56) Purging openssl-dev (3.1.4-r5)
#10 14.55 (30/56) Purging libretls (3.7.0-r2)
#10 14.55 (31/56) Purging libtasn1-dev (4.19.0-r2)
#10 14.55 (32/56) Purging libtasn1-progs (4.19.0-r2)
#10 14.55 (33/56) Purging libuv (1.47.0-r0)
#10 14.55 (34/56) Purging libzip-dev (1.10.1-r0)
#10 14.55 (35/56) Purging libzip-tools (1.10.1-r0)
#10 14.55 (36/56) Purging bzip2-dev (1.0.8-r6)
#10 14.55 (37/56) Purging xz-dev (5.4.5-r0)
#10 14.55 (38/56) Purging zlib-dev (1.3.1-r0)
#10 14.55 (39/56) Purging zstd-dev (1.5.5-r8)
#10 14.55 (40/56) Purging zstd (1.5.5-r8)
#10 14.55 (41/56) Purging lz4-libs (1.9.4-r5)
#10 14.55 (42/56) Purging mpc1 (1.3.1-r1)
#10 14.55 (43/56) Purging mpfr4 (4.2.1-r0)
#10 14.55 (44/56) Purging nettle-dev (3.9.1-r0)
#10 14.55 (45/56) Purging gmp-dev (6.3.0-r0)
#10 14.56 (46/56) Purging libgmpxx (6.3.0-r0)
#10 14.56 (47/56) Purging nettle (3.9.1-r0)
#10 14.56 (48/56) Purging p11-kit-dev (0.25.3-r0)
#10 14.56 (49/56) Purging p11-kit (0.25.3-r0)
#10 14.56 (50/56) Purging pkgconf (2.1.0-r0)
#10 14.56 (51/56) Purging re2c (3.1-r0)
#10 14.56 (52/56) Purging rhash-libs (1.4.4-r0)
#10 14.56 (53/56) Purging gmp (6.3.0-r0)
#10 14.56 (54/56) Purging libffi (3.4.4-r3)
#10 14.56 (55/56) Purging libstdc++ (13.2.1_git20231014-r0)
#10 14.56 (56/56) Purging libtasn1 (4.19.0-r2)
#10 14.56 Executing busybox-1.36.1-r15.trigger
#10 14.57 OK: 36 MiB in 64 packages
#10 DONE 15.3s

#11 exporting to image
#11 exporting layers
#11 exporting layers 0.6s done
#11 writing image sha256:dfd4dfc3bf005ca61dc90ca9d1964d598ff3397ea7b6f81f9bf8b67b6d7a13a9 done
#11 naming to docker.pkg.github.com/yormy/string-guard/php-actions_composer_string-guard:php-8.2-zip-build2.1.0 done
#11 DONE 0.7s
------
 > importing cache manifest from docker.pkg.github.com/yormy/string-guard/php-actions_composer_string-guard:php-8.2-zip-build2.1.0:
------
The push refers to repository [docker.pkg.github.com/yormy/string-guard/php-actions_composer_string-guard]
83c8b59774ed: Preparing
27f523b36312: Preparing
3b3f8e16618f: Preparing
8ebc4465afe9: Preparing
8b56db50d78c: Preparing
cd5eefad05bb: Preparing
bb2b70b9aca1: Preparing
716afdb324bf: Preparing
9e2e2872418e: Preparing
c307e1ff6585: Preparing
ac9dba9d21f4: Preparing
d4fc045c9e3a: Preparing
cd5eefad05bb: Waiting
bb2b70b9aca1: Waiting
716afdb324bf: Waiting
9e2e2872418e: Waiting
c307e1ff6585: Waiting
ac9dba9d21f4: Waiting
d4fc045c9e3a: Waiting
denied: installation not allowed to Create organization package
WARNING: Failed to push Docker image to "docker.pkg.github.com/yormy/string-guard/php-actions_composer_string-guard:php-8.2-zip-build2.1.0", this is probably due to missing permissions on GitHub.
Will continue as this is just an optimization to improve speed of next build.
Docker tag: docker.pkg.github.com/yormy/string-guard/php-actions_composer_string-guard:php-8.2-zip-build2.1.0
No private keys supplied
Command: composer install --no-progress --no-interaction
Skipping env variable PWD
Skipping env variable HOME
Skipping env variable SHLVL
Skipping env variable PATH
Running php-build composer
WARNING! Your password will be stored unencrypted in /home/runner/.docker/config.json.
Configure a credential helper to remove this warning. See
https://docs.docker.com/engine/reference/commandline/login/#credentials-store

Login Succeeded
Pulling docker.pkg.github.com/yormy/string-guard/php-actions_composer_string-guard:php-8.2-zip-build2.1.0
Error response from daemon: manifest unknown
Dockerfile:
FROM php:8.2-cli-alpine
RUN apk add --update --no-cache bash coreutils git make openssh patch unzip zip
ADD https://github.com/mlocati/docker-php-extension-installer/releases/latest/download/install-php-extensions /usr/local/bin/
RUN chmod +x /usr/local/bin/install-php-extensions && sync && install-php-extensions zip
#0 building with "default" instance using docker driver

#1 [internal] load .dockerignore
#1 transferring context: 2B done
#1 DONE 0.0s

#2 [internal] load build definition from Dockerfile-php-build
#2 transferring dockerfile: 368B done
#2 DONE 0.0s

#3 [auth] library/php:pull token for registry-1.docker.io
#3 DONE 0.0s

#4 [internal] load metadata for docker.io/library/php:8.2-cli-alpine
#4 DONE 0.4s

#5 importing cache manifest from docker.pkg.github.com/yormy/string-guard/php-actions_composer_string-guard:php-8.2-zip-build2.1.0
#5 ERROR: failed to configure registry cache importer: pulling from host docker.pkg.github.com failed with status code [manifests php-8.2-zip-build2.1.0]: 401 Unauthorized

#6 [1/4] FROM docker.io/library/php:8.2-cli-alpine@sha256:c1147326a6616c5a0bf52d49ddd077793090a4ef33dacfb723d42dd14d8cd75b
#6 resolve docker.io/library/php:8.2-cli-alpine@sha256:c1147326a6616c5a0bf52d49ddd077793090a4ef33dacfb723d42dd14d8cd75b done
#6 extracting sha256:4b99432ace8a7bcff6a457c1ea616c20b241e4012ebc18ff9b4b9a7ca571de2d
#6 ...

#7 https://github.com/mlocati/docker-php-extension-installer/releases/latest/download/install-php-extensions
#7 DONE 0.2s

#6 [1/4] FROM docker.io/library/php:8.2-cli-alpine@sha256:c1147326a6616c5a0bf52d49ddd077793090a4ef33dacfb723d42dd14d8cd75b
#6 sha256:c1147326a6616c5a0bf52d49ddd077793090a4ef33dacfb723d42dd14d8cd75b 1.65kB / 1.65kB done
#6 sha256:d3a73aae1c86e8e06844a0d6ff516b8d12cc95d745da7005aea6ff3ec71c90ef 1.26kB / 1.26kB 0.0s done
#6 sha256:9294d9185d898643d89218d8a670313cd2bb59107bf32cb6ac92e7f46839bbc8 269B / 269B 0.1s done
#6 sha256:46d524b064fceb531683ef03ea0a6a25c77ea8c2ee6960bbb3bc2446df436f7a 0B / 495B 0.1s
#6 sha256:a491ff8b6c3f274654847f6ab0a1d582686c60f4f9054fe50c831d5bae76fc2a 0B / 16.86MB 0.1s
#6 sha256:f0a739b68fa1b0991c5344d6624ac56bc523003b9c9a08c29b05c89076625349 2.20kB / 2.20kB done
#6 sha256:0bc07e6e67c4a6c56e3c801c81b846cf835fb2084b934cd64667050246fbf78d 9.06kB / 9.06kB done
#6 sha256:4b99432ace8a7bcff6a457c1ea616c20b241e4012ebc18ff9b4b9a7ca571de2d 2.76MB / 2.76MB 0.1s done
#6 sha256:8d311ade3bc839e5d734fe1b58120f0a3eee2104bcca9c10b8ce0295583bae2d 0B / 12.11MB 0.1s
#6 extracting sha256:4b99432ace8a7bcff6a457c1ea616c20b241e4012ebc18ff9b4b9a7ca571de2d 0.1s done
#6 sha256:46d524b064fceb531683ef03ea0a6a25c77ea8c2ee6960bbb3bc2446df436f7a 495B / 495B 0.1s done
#6 sha256:a491ff8b6c3f274654847f6ab0a1d582686c60f4f9054fe50c831d5bae76fc2a 11.53MB / 16.86MB 0.2s
#6 sha256:8d311ade3bc839e5d734fe1b58120f0a3eee2104bcca9c10b8ce0295583bae2d 12.11MB / 12.11MB 0.3s
#6 sha256:ad0214cb17b39accbf7a51e6ab40c4ad48345e1c99f6cc5bc26a6257a091d988 19.29kB / 19.29kB 0.2s done
#6 sha256:43db6bdf4e21a4c78a67306b131ecf5243cb8967b4318bb9ada244bf8539da14 2.45kB / 2.45kB 0.2s done
#6 sha256:a491ff8b6c3f274654847f6ab0a1d582686c60f4f9054fe50c831d5bae76fc2a 16.86MB / 16.86MB 0.3s done
#6 sha256:8d311ade3bc839e5d734fe1b58120f0a3eee2104bcca9c10b8ce0295583bae2d 12.11MB / 12.11MB 0.4s done
#6 extracting sha256:d3a73aae1c86e8e06844a0d6ff516b8d12cc95d745da7005aea6ff3ec71c90ef done
#6 extracting sha256:9294d9185d898643d89218d8a670313cd2bb59107bf32cb6ac92e7f46839bbc8 done
#6 extracting sha256:8d311ade3bc839e5d734fe1b58120f0a3eee2104bcca9c10b8ce0295583bae2d
#6 extracting sha256:8d311ade3bc839e5d734fe1b58120f0a3eee2104bcca9c10b8ce0295583bae2d 0.1s done
#6 extracting sha256:46d524b064fceb531683ef03ea0a6a25c77ea8c2ee6960bbb3bc2446df436f7a done
#6 extracting sha256:a491ff8b6c3f274654847f6ab0a1d582686c60f4f9054fe50c831d5bae76fc2a
#6 extracting sha256:a491ff8b6c3f274654847f6ab0a1d582686c60f4f9054fe50c831d5bae76fc2a 0.5s done
#6 extracting sha256:43db6bdf4e21a4c78a67306b131ecf5243cb8967b4318bb9ada244bf8539da14
#6 extracting sha256:43db6bdf4e21a4c78a67306b131ecf5243cb8967b4318bb9ada244bf8539da14 done
#6 extracting sha256:ad0214cb17b39accbf7a51e6ab40c4ad48345e1c99f6cc5bc26a6257a091d988 done
#6 DONE 1.2s

#8 [2/4] RUN apk add --update --no-cache bash coreutils git make openssh patch unzip zip
#8 0.476 fetch https://dl-cdn.alpinelinux.org/alpine/v3.19/main/x86_64/APKINDEX.tar.gz
#8 0.644 fetch https://dl-cdn.alpinelinux.org/alpine/v3.19/community/x86_64/APKINDEX.tar.gz
#8 0.977 (1/23) Installing bash (5.2.21-r0)
#8 1.006 Executing bash-5.2.21-r0.post-install
#8 1.009 (2/23) Installing coreutils-env (9.4-r2)
#8 1.015 (3/23) Installing coreutils-fmt (9.4-r2)
#8 1.021 (4/23) Installing coreutils-sha512sum (9.4-r2)
#8 1.028 (5/23) Installing libattr (2.5.1-r5)
#8 1.034 (6/23) Installing skalibs (2.14.0.1-r0)
#8 1.042 (7/23) Installing utmps-libs (0.1.2.2-r0)
#8 1.048 (8/23) Installing coreutils (9.4-r2)
#8 1.079 (9/23) Installing libexpat (2.6.2-r0)
#8 1.087 (10/23) Installing pcre2 (10.42-r2)
#8 1.103 (11/23) Installing git (2.43.0-r0)
#8 1.195 (12/23) Installing make (4.4.1-r2)
#8 1.203 (13/23) Installing openssh-keygen (9.6_p1-r0)
#8 1.215 (14/23) Installing libedit (20230828.3.1-r3)
#8 1.223 (15/23) Installing openssh-client-common (9.6_p1-r0)
#8 1.247 (16/23) Installing openssh-client-default (9.6_p1-r0)
#8 1.260 (17/23) Installing openssh-sftp-server (9.6_p1-r0)
#8 1.268 (18/23) Installing openssh-server-common (9.6_p1-r0)
#8 1.274 (19/23) Installing openssh-server (9.6_p1-r0)
#8 1.287 (20/23) Installing openssh (9.6_p1-r0)
#8 1.297 (21/23) Installing patch (2.7.6-r10)
#8 1.305 (22/23) Installing unzip (6.0-r14)
#8 1.316 (23/23) Installing zip (3.0-r12)
#8 1.326 Executing busybox-1.36.1-r15.trigger
#8 1.340 OK: 35 MiB in 61 packages
#8 DONE 1.5s

#9 [3/4] ADD https://github.com/mlocati/docker-php-extension-installer/releases/latest/download/install-php-extensions /usr/local/bin/
#9 DONE 0.0s

#10 [4/4] RUN chmod +x /usr/local/bin/install-php-extensions && sync && install-php-extensions zip
#10 0.243 install-php-extensions v.2.2.6
#10 0.243 #StandWithUkraine
#10 2.320 Updating channel "pecl.php.net"
#10 2.381 Update of Channel "pecl.php.net" succeeded
#10 2.389 fetch https://dl-cdn.alpinelinux.org/alpine/v3.19/main/x86_64/APKINDEX.tar.gz
#10 2.507 fetch https://dl-cdn.alpinelinux.org/alpine/v3.19/community/x86_64/APKINDEX.tar.gz
#10 2.831 v3.19.1-353-gff5fcc2999e [https://dl-cdn.alpinelinux.org/alpine/v3.19/main]
#10 2.831 v3.19.1-354-gf0b8bf56898 [https://dl-cdn.alpinelinux.org/alpine/v3.19/community]
#10 2.831 OK: 22993 distinct packages available
#10 5.780 ### INSTALLING REQUIRED PACKAGES ###
#10 5.780 # Packages to be kept after installation: libbz2 zstd-libs libzip
#10 5.780 # Packages to be used only for installation: m4 perl autoconf lz4-libs libarchive rhash-libs libstdc++ libuv cmake libmd dpkg pkgconf dpkg-dev libmagic file libstdc++-dev jansson binutils libgomp libatomic gmp isl26 mpfr4 mpc1 gcc musl-dev libc-dev g++ perl-error perl-git git-perl nettle libffi libtasn1 p11-kit gnutls gnutls-c++ libgmpxx gmp-dev nettle-dev libidn2-dev libtasn1-progs libtasn1-dev p11-kit-dev zlib-dev gnutls-dev openssl-dev libretls libretls-dev libzip-tools bzip2-dev xz-dev zstd zstd-dev libzip-dev re2c
#10 6.061 (1/59) Installing m4 (1.4.19-r3)
#10 6.152 (2/59) Installing libbz2 (1.0.8-r6)
#10 6.160 (3/59) Installing perl (5.38.2-r0)
#10 6.569 (4/59) Installing autoconf (2.71-r2)
#10 6.593 (5/59) Installing jansson (2.14-r4)
#10 6.599 (6/59) Installing libstdc++ (13.2.1_git20231014-r0)
#10 6.621 (7/59) Installing zstd-libs (1.5.5-r8)
#10 6.634 (8/59) Installing binutils (2.41-r0)
#10 6.702 (9/59) Installing pkgconf (2.1.0-r0)
#10 6.710 (10/59) Installing bzip2-dev (1.0.8-r6)
#10 6.717 (11/59) Installing lz4-libs (1.9.4-r5)
#10 6.724 (12/59) Installing libarchive (3.7.2-r1)
#10 6.736 (13/59) Installing rhash-libs (1.4.4-r0)
#10 6.744 (14/59) Installing libuv (1.47.0-r0)
#10 6.752 (15/59) Installing cmake (3.27.8-r0)
#10 7.327 (16/59) Installing libmd (1.1.0-r0)
#10 7.333 (17/59) Installing dpkg (1.22.1-r0)
#10 7.351 (18/59) Installing dpkg-dev (1.22.1-r0)
#10 7.381 (19/59) Installing libmagic (5.45-r1)
#10 7.410 (20/59) Installing file (5.45-r1)
#10 7.416 (21/59) Installing libstdc++-dev (13.2.1_git20231014-r0)
#10 7.573 (22/59) Installing libgomp (13.2.1_git20231014-r0)
#10 7.582 (23/59) Installing libatomic (13.2.1_git20231014-r0)
#10 7.589 (24/59) Installing gmp (6.3.0-r0)
#10 7.599 (25/59) Installing isl26 (0.26-r1)
#10 7.619 (26/59) Installing mpfr4 (4.2.1-r0)
#10 7.631 (27/59) Installing mpc1 (1.3.1-r1)
#10 7.638 (28/59) Installing gcc (13.2.1_git20231014-r0)
#10 8.393 (29/59) Installing musl-dev (1.2.4_git20230717-r4)
#10 8.463 (30/59) Installing libc-dev (0.7.2-r5)
#10 8.469 (31/59) Installing g++ (13.2.1_git20231014-r0)
#10 8.690 (32/59) Installing perl-error (0.17029-r2)
#10 8.696 (33/59) Installing perl-git (2.43.0-r0)
#10 8.704 (34/59) Installing git-perl (2.43.0-r0)
#10 8.711 (35/59) Installing libgmpxx (6.3.0-r0)
#10 8.718 (36/59) Installing gmp-dev (6.3.0-r0)
#10 8.748 (37/59) Installing nettle (3.9.1-r0)
#10 8.760 (38/59) Installing libffi (3.4.4-r3)
#10 8.766 (39/59) Installing libtasn1 (4.19.0-r2)
#10 8.773 (40/59) Installing p11-kit (0.25.3-r0)
#10 8.789 (41/59) Installing gnutls (3.8.4-r0)
#10 8.808 (42/59) Installing gnutls-c++ (3.8.4-r0)
#10 8.815 (43/59) Installing nettle-dev (3.9.1-r0)
#10 8.829 (44/59) Installing libidn2-dev (2.3.4-r4)
#10 8.835 (45/59) Installing libtasn1-progs (4.19.0-r2)
#10 8.843 (46/59) Installing libtasn1-dev (4.19.0-r2)
#10 8.850 (47/59) Installing p11-kit-dev (0.25.3-r0)
#10 8.858 (48/59) Installing zlib-dev (1.3.1-r0)
#10 8.866 (49/59) Installing gnutls-dev (3.8.4-r0)
#10 8.877 (50/59) Installing libretls (3.7.0-r2)
#10 8.889 (51/59) Installing openssl-dev (3.1.4-r5)
#10 8.916 (52/59) Installing libretls-dev (3.7.0-r2)
#10 8.923 (53/59) Installing libzip (1.10.1-r0)
#10 8.931 (54/59) Installing libzip-tools (1.10.1-r0)
#10 8.939 (55/59) Installing xz-dev (5.4.5-r0)
#10 8.949 (56/59) Installing zstd (1.5.5-r8)
#10 8.958 (57/59) Installing zstd-dev (1.5.5-r8)
#10 8.965 (58/59) Installing libzip-dev (1.10.1-r0)
#10 8.973 (59/59) Installing re2c (3.1-r0)
#10 8.993 Executing busybox-1.36.1-r15.trigger
#10 9.002 OK: 369 MiB in 120 packages
#10 9.398 ### INSTALLING BUNDLED MODULE zip ###
#10 9.427 fetch https://dl-cdn.alpinelinux.org/alpine/v3.19/main/x86_64/APKINDEX.tar.gz
#10 9.520 fetch https://dl-cdn.alpinelinux.org/alpine/v3.19/community/x86_64/APKINDEX.tar.gz
#10 9.774 (1/1) Installing .phpize-deps-configure (20240406.101603)
#10 9.778 OK: 369 MiB in 121 packages
#10 9.858 Configuring for:
#10 9.858 PHP Api Version:         20220829
#10 9.858 Zend Module Api No:      20220829
#10 9.858 Zend Extension Api No:   420220829
#10 10.79 checking for grep that handles long lines and -e... /bin/grep
#10 10.87 checking for egrep... /bin/grep -E
#10 10.88 checking for a sed that does not truncate output... /bin/sed
#10 10.90 checking for pkg-config... /usr/bin/pkg-config
#10 10.91 checking pkg-config is at least version 0.9.0... yes
#10 10.91 checking for cc... cc
#10 10.93 checking whether the C compiler works... yes
#10 10.97 checking for C compiler default output file name... a.out
#10 10.97 checking for suffix of executables... 
#10 11.00 checking whether we are cross compiling... no
#10 11.04 checking for suffix of object files... o
#10 11.06 checking whether the compiler supports GNU C... yes
#10 11.09 checking whether cc accepts -g... yes
#10 11.11 checking for cc option to enable C11 features... none needed
#10 11.17 checking how to run the C preprocessor... cc -E
#10 11.23 checking for icc... no
#10 11.24 checking for suncc... no
#10 11.26 checking for system library directory... lib
#10 11.26 checking if compiler supports -Wl,-rpath,... yes
#10 11.29 checking build system type... x86_64-pc-linux-musl
#10 11.30 checking host system type... x86_64-pc-linux-musl
#10 11.30 checking target system type... x86_64-pc-linux-musl
#10 11.34 checking for PHP prefix... /usr/local
#10 11.34 checking for PHP includes... -I/usr/local/include/php -I/usr/local/include/php/main -I/usr/local/include/php/TSRM -I/usr/local/include/php/Zend -I/usr/local/include/php/ext -I/usr/local/include/php/ext/date/lib
#10 11.34 checking for PHP extension directory... /usr/local/lib/php/extensions/no-debug-non-zts-20220829
#10 11.34 checking for PHP installed headers prefix... /usr/local/include/php
#10 11.34 checking if debug is enabled... no
#10 11.35 checking if zts is enabled... no
#10 11.37 checking for gawk... no
#10 11.37 checking for nawk... no
#10 11.37 checking for awk... awk
#10 11.37 checking if awk is broken... no
#10 11.37 checking for zip archive read/write support... yes, shared
#10 11.37 checking for libzip >= 0.11 libzip != 1.3.1 libzip != 1.7.0... yes
#10 11.38 checking for zip_file_set_mtime in -lzip... yes
#10 11.43 checking for zip_file_set_encryption in -lzip... yes
#10 11.49 checking for zip_libzip_version in -lzip... yes
#10 11.54 checking for zip_register_progress_callback_with_state in -lzip... yes
#10 11.59 checking for zip_register_cancel_callback_with_state in -lzip... yes
#10 11.65 checking for zip_compression_method_supported in -lzip... yes
#10 11.70 checking for a sed that does not truncate output... /bin/sed
#10 11.70 checking for ld used by cc... /usr/x86_64-alpine-linux-musl/bin/ld
#10 11.71 checking if the linker (/usr/x86_64-alpine-linux-musl/bin/ld) is GNU ld... yes
#10 11.71 checking for /usr/x86_64-alpine-linux-musl/bin/ld option to reload object files... -r
#10 11.71 checking for BSD-compatible nm... /usr/bin/nm -B
#10 11.72 checking whether ln -s works... yes
#10 11.72 checking how to recognize dependent libraries... pass_all
#10 11.73 checking for stdio.h... yes
#10 11.75 checking for stdlib.h... yes
#10 11.77 checking for string.h... yes
#10 11.79 checking for inttypes.h... yes
#10 11.81 checking for stdint.h... yes
#10 11.84 checking for strings.h... yes
#10 11.86 checking for sys/stat.h... yes
#10 11.88 checking for sys/types.h... yes
#10 11.90 checking for unistd.h... yes
#10 11.93 checking for dlfcn.h... yes
#10 11.95 checking the maximum length of command line arguments... 98304
#10 11.98 checking command to parse /usr/bin/nm -B output from cc object... ok
#10 12.04 checking for objdir... .libs
#10 12.05 checking for ar... ar
#10 12.05 checking for ranlib... ranlib
#10 12.05 checking for strip... strip
#10 12.10 checking if cc supports -fno-rtti -fno-exceptions... no
#10 12.12 checking for cc option to produce PIC... -fPIC
#10 12.12 checking if cc PIC flag -fPIC works... yes
#10 12.14 checking if cc static flag -static works... yes
#10 12.17 checking if cc supports -c -o file.o... yes
#10 12.20 checking whether the cc linker (/usr/x86_64-alpine-linux-musl/bin/ld -m elf_x86_64) supports shared libraries... yes
#10 12.21 checking whether -lc should be explicitly linked in... no
#10 12.24 checking dynamic linker characteristics... GNU/Linux ld.so
#10 12.24 checking how to hardcode library paths into programs... immediate
#10 12.24 checking whether stripping libraries is possible... yes
#10 12.24 checking if libtool supports shared libraries... yes
#10 12.24 checking whether to build shared libraries... yes
#10 12.24 checking whether to build static libraries... no
#10 12.31 
#10 12.31 creating libtool
#10 12.37 appending configuration tag "CXX" to libtool
#10 12.43 configure: patching config.h.in
#10 12.43 configure: creating ./config.status
#10 12.49 config.status: creating config.h
#10 12.55 /bin/sh /usr/src/php/ext/zip/libtool --tag=CC --mode=compile cc -I. -I/usr/src/php/ext/zip -I/usr/src/php/ext/zip/include -I/usr/src/php/ext/zip/main -I/usr/src/php/ext/zip -I/usr/local/include/php -I/usr/local/include/php/main -I/usr/local/include/php/TSRM -I/usr/local/include/php/Zend -I/usr/local/include/php/ext -I/usr/local/include/php/ext/date/lib  -fstack-protector-strong -fpic -fpie -O2 -D_LARGEFILE_SOURCE -D_FILE_OFFSET_BITS=64 -DHAVE_CONFIG_H  -fstack-protector-strong -fpic -fpie -O2 -D_LARGEFILE_SOURCE -D_FILE_OFFSET_BITS=64 -D_GNU_SOURCE    -DZEND_COMPILE_DL_EXT=1 -c /usr/src/php/ext/zip/php_zip.c -o php_zip.lo  -MMD -MF php_zip.dep -MT php_zip.lo
#10 12.55 /bin/sh /usr/src/php/ext/zip/libtool --tag=CC --mode=compile cc -I. -I/usr/src/php/ext/zip -I/usr/src/php/ext/zip/include -I/usr/src/php/ext/zip/main -I/usr/src/php/ext/zip -I/usr/local/include/php -I/usr/local/include/php/main -I/usr/local/include/php/TSRM -I/usr/local/include/php/Zend -I/usr/local/include/php/ext -I/usr/local/include/php/ext/date/lib  -fstack-protector-strong -fpic -fpie -O2 -D_LARGEFILE_SOURCE -D_FILE_OFFSET_BITS=64 -DHAVE_CONFIG_H  -fstack-protector-strong -fpic -fpie -O2 -D_LARGEFILE_SOURCE -D_FILE_OFFSET_BITS=64 -D_GNU_SOURCE    -DZEND_COMPILE_DL_EXT=1 -c /usr/src/php/ext/zip/zip_stream.c -o zip_stream.lo  -MMD -MF zip_stream.dep -MT zip_stream.lo
#10 12.61 mkdir .libs
#10 12.61 mkdir .libs
#10 12.61 mkdir: cannot create directory ‘.libs’: File exists
#10 12.61  cc -I. -I/usr/src/php/ext/zip -I/usr/src/php/ext/zip/include -I/usr/src/php/ext/zip/main -I/usr/src/php/ext/zip -I/usr/local/include/php -I/usr/local/include/php/main -I/usr/local/include/php/TSRM -I/usr/local/include/php/Zend -I/usr/local/include/php/ext -I/usr/local/include/php/ext/date/lib -fstack-protector-strong -fpic -fpie -O2 -D_LARGEFILE_SOURCE -D_FILE_OFFSET_BITS=64 -DHAVE_CONFIG_H -fstack-protector-strong -fpic -fpie -O2 -D_LARGEFILE_SOURCE -D_FILE_OFFSET_BITS=64 -D_GNU_SOURCE -DZEND_COMPILE_DL_EXT=1 -c /usr/src/php/ext/zip/php_zip.c -MMD -MF php_zip.dep -MT php_zip.lo  -fPIC -DPIC -o .libs/php_zip.o
#10 12.61  cc -I. -I/usr/src/php/ext/zip -I/usr/src/php/ext/zip/include -I/usr/src/php/ext/zip/main -I/usr/src/php/ext/zip -I/usr/local/include/php -I/usr/local/include/php/main -I/usr/local/include/php/TSRM -I/usr/local/include/php/Zend -I/usr/local/include/php/ext -I/usr/local/include/php/ext/date/lib -fstack-protector-strong -fpic -fpie -O2 -D_LARGEFILE_SOURCE -D_FILE_OFFSET_BITS=64 -DHAVE_CONFIG_H -fstack-protector-strong -fpic -fpie -O2 -D_LARGEFILE_SOURCE -D_FILE_OFFSET_BITS=64 -D_GNU_SOURCE -DZEND_COMPILE_DL_EXT=1 -c /usr/src/php/ext/zip/zip_stream.c -MMD -MF zip_stream.dep -MT zip_stream.lo  -fPIC -DPIC -o .libs/zip_stream.o
#10 14.19 /bin/sh /usr/src/php/ext/zip/libtool --tag=CC --mode=link cc -shared -I/usr/src/php/ext/zip/include -I/usr/src/php/ext/zip/main -I/usr/src/php/ext/zip -I/usr/local/include/php -I/usr/local/include/php/main -I/usr/local/include/php/TSRM -I/usr/local/include/php/Zend -I/usr/local/include/php/ext -I/usr/local/include/php/ext/date/lib  -fstack-protector-strong -fpic -fpie -O2 -D_LARGEFILE_SOURCE -D_FILE_OFFSET_BITS=64 -DHAVE_CONFIG_H  -fstack-protector-strong -fpic -fpie -O2 -D_LARGEFILE_SOURCE -D_FILE_OFFSET_BITS=64 -D_GNU_SOURCE  -Wl,-O1 -pie  -o zip.la -export-dynamic -avoid-version -prefer-pic -module -rpath /usr/src/php/ext/zip/modules  php_zip.lo zip_stream.lo -lzip
#10 14.24 cc -shared  .libs/php_zip.o .libs/zip_stream.o  -lzip  -Wl,-O1 -Wl,-soname -Wl,zip.so -o .libs/zip.so
#10 14.26 creating zip.la
#10 14.27 (cd .libs && rm -f zip.la && ln -s ../zip.la zip.la)
#10 14.27 /bin/sh /usr/src/php/ext/zip/libtool --tag=CC --mode=install cp ./zip.la /usr/src/php/ext/zip/modules
#10 14.28 cp ./.libs/zip.so /usr/src/php/ext/zip/modules/zip.so
#10 14.29 cp ./.libs/zip.lai /usr/src/php/ext/zip/modules/zip.la
#10 14.30 PATH="$PATH:/sbin" ldconfig -n /usr/src/php/ext/zip/modules
#10 14.32 ----------------------------------------------------------------------
#10 14.32 Libraries have been installed in:
#10 14.32    /usr/src/php/ext/zip/modules
#10 14.32 
#10 14.32 If you ever happen to want to link against installed libraries
#10 14.32 in a given directory, LIBDIR, you must either use libtool, and
#10 14.32 specify the full pathname of the library, or use the `-LLIBDIR'
#10 14.32 flag during linking and do at least one of the following:
#10 14.32    - add LIBDIR to the `LD_LIBRARY_PATH' environment variable
#10 14.32      during execution
#10 14.32    - add LIBDIR to the `LD_RUN_PATH' environment variable
#10 14.32      during linking
#10 14.32    - use the `-Wl,--rpath -Wl,LIBDIR' linker flag
#10 14.32 
#10 14.32 See any operating system documentation about shared libraries for
#10 14.32 more information, such as the ld(1) and ld.so(8) manual pages.
#10 14.32 ----------------------------------------------------------------------
#10 14.32 
#10 14.32 Build complete.
#10 14.33 Don't forget to run 'make test'.
#10 14.33 
#10 14.34 + strip --strip-all modules/zip.so
#10 14.36 Installing shared extensions:     /usr/local/lib/php/extensions/no-debug-non-zts-20220829/
#10 14.44 find . -name \*.gcno -o -name \*.gcda | xargs rm -f
#10 14.44 find . -name \*.lo -o -name \*.o -o -name \*.dep | xargs rm -f
#10 14.44 find . -name \*.la -o -name \*.a | xargs rm -f
#10 14.45 find . -name \*.so | xargs rm -f
#10 14.45 find . -name .libs -a -type d|xargs rm -rf
#10 14.45 rm -f libphp.la      modules/* libs/*
#10 14.46 rm -f ext/opcache/jit/zend_jit_x86.c
#10 14.46 rm -f ext/opcache/jit/zend_jit_arm64.c
#10 14.46 rm -f ext/opcache/minilua
#10 14.74 (1/1) Purging .phpize-deps-configure (20240406.101603)
#10 14.74 OK: 369 MiB in 120 packages
#10 14.83 ### REMOVING UNNEEDED PACKAGES ###
#10 15.11 (1/56) Purging autoconf (2.71-r2)
#10 15.11 (2/56) Purging m4 (1.4.19-r3)
#10 15.11 (3/56) Purging cmake (3.27.8-r0)
#10 15.19 (4/56) Purging dpkg (1.22.1-r0)
#10 15.19 (5/56) Purging dpkg-dev (1.22.1-r0)
#10 15.20 (6/56) Purging file (5.45-r1)
#10 15.20 (7/56) Purging g++ (13.2.1_git20231014-r0)
#10 15.21 (8/56) Purging libstdc++-dev (13.2.1_git20231014-r0)
#10 15.23 (9/56) Purging gcc (13.2.1_git20231014-r0)
#10 15.27 (10/56) Purging binutils (2.41-r0)
#10 15.28 (11/56) Purging libatomic (13.2.1_git20231014-r0)
#10 15.28 (12/56) Purging libgomp (13.2.1_git20231014-r0)
#10 15.28 (13/56) Purging libc-dev (0.7.2-r5)
#10 15.28 (14/56) Purging musl-dev (1.2.4_git20230717-r4)
#10 15.28 (15/56) Purging git-perl (2.43.0-r0)
#10 15.28 (16/56) Purging perl-git (2.43.0-r0)
#10 15.28 (17/56) Purging perl-error (0.17029-r2)
#10 15.28 (18/56) Purging perl (5.38.2-r0)
#10 15.33 (19/56) Purging gnutls-dev (3.8.4-r0)
#10 15.33 (20/56) Purging gnutls-c++ (3.8.4-r0)
#10 15.33 (21/56) Purging gnutls (3.8.4-r0)
#10 15.33 (22/56) Purging isl26 (0.26-r1)
#10 15.33 (23/56) Purging jansson (2.14-r4)
#10 15.33 (24/56) Purging libarchive (3.7.2-r1)
#10 15.33 (25/56) Purging libidn2-dev (2.3.4-r4)
#10 15.33 (26/56) Purging libmagic (5.45-r1)
#10 15.33 (27/56) Purging libmd (1.1.0-r0)
#10 15.33 (28/56) Purging libretls-dev (3.7.0-r2)
#10 15.33 (29/56) Purging openssl-dev (3.1.4-r5)
#10 15.34 (30/56) Purging libretls (3.7.0-r2)
#10 15.34 (31/56) Purging libtasn1-dev (4.19.0-r2)
#10 15.34 (32/56) Purging libtasn1-progs (4.19.0-r2)
#10 15.34 (33/56) Purging libuv (1.47.0-r0)
#10 15.34 (34/56) Purging libzip-dev (1.10.1-r0)
#10 15.34 (35/56) Purging libzip-tools (1.10.1-r0)
#10 15.34 (36/56) Purging bzip2-dev (1.0.8-r6)
#10 15.34 (37/56) Purging xz-dev (5.4.5-r0)
#10 15.34 (38/56) Purging zlib-dev (1.3.1-r0)
#10 15.34 (39/56) Purging zstd-dev (1.5.5-r8)
#10 15.34 (40/56) Purging zstd (1.5.5-r8)
#10 15.34 (41/56) Purging lz4-libs (1.9.4-r5)
#10 15.34 (42/56) Purging mpc1 (1.3.1-r1)
#10 15.34 (43/56) Purging mpfr4 (4.2.1-r0)
#10 15.34 (44/56) Purging nettle-dev (3.9.1-r0)
#10 15.34 (45/56) Purging gmp-dev (6.3.0-r0)
#10 15.34 (46/56) Purging libgmpxx (6.3.0-r0)
#10 15.34 (47/56) Purging nettle (3.9.1-r0)
#10 15.34 (48/56) Purging p11-kit-dev (0.25.3-r0)
#10 15.34 (49/56) Purging p11-kit (0.25.3-r0)
#10 15.35 (50/56) Purging pkgconf (2.1.0-r0)
#10 15.35 (51/56) Purging re2c (3.1-r0)
#10 15.35 (52/56) Purging rhash-libs (1.4.4-r0)
#10 15.35 (53/56) Purging gmp (6.3.0-r0)
#10 15.35 (54/56) Purging libffi (3.4.4-r3)
#10 15.35 (55/56) Purging libstdc++ (13.2.1_git20231014-r0)
#10 15.35 (56/56) Purging libtasn1 (4.19.0-r2)
#10 15.35 Executing busybox-1.36.1-r15.trigger
#10 15.35 OK: 36 MiB in 64 packages
#10 DONE 16.2s

#11 exporting to image
#11 exporting layers
#11 exporting layers 0.3s done
#11 writing image sha256:e9d2f5dae4d4c17d911fd9cfdf0ef84a24fa4e1e7376c4cb464e199d9dec3a04 done
#11 naming to docker.pkg.github.com/yormy/string-guard/php-actions_composer_string-guard:php-8.2-zip-build2.1.0 done
#11 DONE 0.3s
------
 > importing cache manifest from docker.pkg.github.com/yormy/string-guard/php-actions_composer_string-guard:php-8.2-zip-build2.1.0:
------
The push refers to repository [docker.pkg.github.com/yormy/string-guard/php-actions_composer_string-guard]
c0d48f8b34d1: Preparing
a11f361e9d2e: Preparing
dd3c7bca5755: Preparing
8ebc4465afe9: Preparing
8b56db50d78c: Preparing
cd5eefad05bb: Preparing
bb2b70b9aca1: Preparing
716afdb324bf: Preparing
9e2e2872418e: Preparing
c307e1ff6585: Preparing
ac9dba9d21f4: Preparing
d4fc045c9e3a: Preparing
bb2b70b9aca1: Waiting
716afdb324bf: Waiting
9e2e2872418e: Waiting
c307e1ff6585: Waiting
ac9dba9d21f4: Waiting
d4fc045c9e3a: Waiting
cd5eefad05bb: Waiting
denied: installation not allowed to Create organization package
WARNING: Failed to push Docker image to "docker.pkg.github.com/yormy/string-guard/php-actions_composer_string-guard:php-8.2-zip-build2.1.0", this is probably due to missing permissions on GitHub.
Will continue as this is just an optimization to improve speed of next build.
Docker tag: docker.pkg.github.com/yormy/string-guard/php-actions_composer_string-guard:php-8.2-zip-build2.1.0
No private keys supplied
Command: composer install --no-progress --no-interaction
Skipping env variable PWD
Skipping env variable HOME
Skipping env variable SHLVL
Skipping env variable PATH
